<?xml version="1.0" encoding="UTF-8"?>
<!-- Generated by org.testng.reporters.JUnitReportReporter -->
<testsuite hostname="AQMIT-DSK-10259" failures="0" tests="4" name="TestLauncher.TestRunner" time="302.988" errors="0" timestamp="2023-05-25T11:29:25 IST" skipped="0">
  <testcase classname="TestLauncher.TestRunner" name="runScenario" time="75.291"/>
  <system-out/>
  <testcase classname="TestLauncher.TestRunner" name="runScenario" time="75.737"/>
  <system-out/>
  <testcase classname="TestLauncher.TestRunner" name="runScenario" time="75.895"/>
  <system-out/>
  <testcase classname="TestLauncher.TestRunner" name="runScenario" time="76.065"/>
  <system-out/>
</testsuite> <!-- TestLauncher.TestRunner -->
